
> backend@0.0.1 start:dev
> nest start --watch

[2J[3J[H[[90m1:12:11 PM[0m] Starting compilation in watch mode...

[[90m1:12:17 PM[0m] Found 0 errors. Watching for file changes.

[32m[Nest] 21544  - [39m04/30/2026, 1:12:18 PM [32m    LOG[39m [38;5;3m[NestFactory] [39m[32mStarting Nest application...[39m
[32m[Nest] 21544  - [39m04/30/2026, 1:12:18 PM [32m    LOG[39m [38;5;3m[InstanceLoader] [39m[32mPrismaModule dependencies initialized[39m[38;5;3m +20ms[39m
[32m[Nest] 21544  - [39m04/30/2026, 1:12:18 PM [32m    LOG[39m [38;5;3m[InstanceLoader] [39m[32mPassportModule dependencies initialized[39m[38;5;3m +0ms[39m
[32m[Nest] 21544  - [39m04/30/2026, 1:12:18 PM [32m    LOG[39m [38;5;3m[InstanceLoader] [39m[32mMailerModule dependencies initialized[39m[38;5;3m +1ms[39m
[32m[Nest] 21544  - [39m04/30/2026, 1:12:18 PM [32m    LOG[39m [38;5;3m[InstanceLoader] [39m[32mConfigHostModule dependencies initialized[39m[38;5;3m +3ms[39m
[32m[Nest] 21544  - [39m04/30/2026, 1:12:18 PM [32m    LOG[39m [38;5;3m[InstanceLoader] [39m[32mThrottlerModule dependencies initialized[39m[38;5;3m +1ms[39m
[32m[Nest] 21544  - [39m04/30/2026, 1:12:18 PM [32m    LOG[39m [38;5;3m[InstanceLoader] [39m[32mConfigModule dependencies initialized[39m[38;5;3m +5ms[39m
[32m[Nest] 21544  - [39m04/30/2026, 1:12:18 PM [32m    LOG[39m [38;5;3m[InstanceLoader] [39m[32mConfigModule dependencies initialized[39m[38;5;3m +0ms[39m
[32m[Nest] 21544  - [39m04/30/2026, 1:12:18 PM [32m    LOG[39m [38;5;3m[InstanceLoader] [39m[32mStripeModule dependencies initialized[39m[38;5;3m +1ms[39m
[32m[Nest] 21544  - [39m04/30/2026, 1:12:18 PM [32m    LOG[39m [38;5;3m[InstanceLoader] [39m[32mJwtModule dependencies initialized[39m[38;5;3m +2ms[39m
[32m[Nest] 21544  - [39m04/30/2026, 1:12:18 PM [32m    LOG[39m [38;5;3m[InstanceLoader] [39m[32mJwtModule dependencies initialized[39m[38;5;3m +0ms[39m
[32m[Nest] 21544  - [39m04/30/2026, 1:12:18 PM [32m    LOG[39m [38;5;3m[InstanceLoader] [39m[32mAnalyticsModule dependencies initialized[39m[38;5;3m +1ms[39m
[32m[Nest] 21544  - [39m04/30/2026, 1:12:18 PM [32m    LOG[39m [38;5;3m[InstanceLoader] [39m[32mReviewsModule dependencies initialized[39m[38;5;3m +0ms[39m
[32m[Nest] 21544  - [39m04/30/2026, 1:12:18 PM [32m    LOG[39m [38;5;3m[InstanceLoader] [39m[32mUsersModule dependencies initialized[39m[38;5;3m +1ms[39m
[32m[Nest] 21544  - [39m04/30/2026, 1:12:18 PM [32m    LOG[39m [38;5;3m[InstanceLoader] [39m[32mCategoriesModule dependencies initialized[39m[38;5;3m +0ms[39m
[32m[Nest] 21544  - [39m04/30/2026, 1:12:18 PM [32m    LOG[39m [38;5;3m[InstanceLoader] [39m[32mFlashSalesModule dependencies initialized[39m[38;5;3m +0ms[39m
[32m[Nest] 21544  - [39m04/30/2026, 1:12:18 PM [32m    LOG[39m [38;5;3m[InstanceLoader] [39m[32mMediaModule dependencies initialized[39m[38;5;3m +0ms[39m
[32m[Nest] 21544  - [39m04/30/2026, 1:12:18 PM [32m    LOG[39m [38;5;3m[InstanceLoader] [39m[32mVouchersModule dependencies initialized[39m[38;5;3m +0ms[39m
[32m[Nest] 21544  - [39m04/30/2026, 1:12:18 PM [32m    LOG[39m [38;5;3m[InstanceLoader] [39m[32mAppModule dependencies initialized[39m[38;5;3m +1ms[39m
[32m[Nest] 21544  - [39m04/30/2026, 1:12:18 PM [32m    LOG[39m [38;5;3m[InstanceLoader] [39m[32mProductsModule dependencies initialized[39m[38;5;3m +0ms[39m
[32m[Nest] 21544  - [39m04/30/2026, 1:12:18 PM [32m    LOG[39m [38;5;3m[InstanceLoader] [39m[32mCartModule dependencies initialized[39m[38;5;3m +0ms[39m
[32m[Nest] 21544  - [39m04/30/2026, 1:12:18 PM [32m    LOG[39m [38;5;3m[InstanceLoader] [39m[32mAuthModule dependencies initialized[39m[38;5;3m +0ms[39m
[32m[Nest] 21544  - [39m04/30/2026, 1:12:18 PM [32m    LOG[39m [38;5;3m[InstanceLoader] [39m[32mCustomOrdersModule dependencies initialized[39m[38;5;3m +1ms[39m
[32m[Nest] 21544  - [39m04/30/2026, 1:12:18 PM [32m    LOG[39m [38;5;3m[InstanceLoader] [39m[32mOrdersModule dependencies initialized[39m[38;5;3m +0ms[39m
[32m[Nest] 21544  - [39m04/30/2026, 1:12:18 PM [32m    LOG[39m [38;5;3m[InstanceLoader] [39m[32mChatModule dependencies initialized[39m[38;5;3m +0ms[39m
[32m[Nest] 21544  - [39m04/30/2026, 1:12:18 PM [32m    LOG[39m [38;5;3m[WebSocketsController] [39m[32mChatGateway subscribed to the "chat.conversation.join" message[39m[38;5;3m +43ms[39m
[32m[Nest] 21544  - [39m04/30/2026, 1:12:18 PM [32m    LOG[39m [38;5;3m[RoutesResolver] [39m[32mAppController {/} (version: 1):[39m[38;5;3m +2ms[39m
[32m[Nest] 21544  - [39m04/30/2026, 1:12:18 PM [32m    LOG[39m [38;5;3m[RouterExplorer] [39m[32mMapped {/health, GET} (version: 1) route[39m[38;5;3m +1ms[39m
[32m[Nest] 21544  - [39m04/30/2026, 1:12:18 PM [32m    LOG[39m [38;5;3m[RoutesResolver] [39m[32mUsersController {/users} (version: 1):[39m[38;5;3m +0ms[39m
[32m[Nest] 21544  - [39m04/30/2026, 1:12:18 PM [32m    LOG[39m [38;5;3m[RouterExplorer] [39m[32mMapped {/users/me, GET} (version: 1) route[39m[38;5;3m +1ms[39m
[32m[Nest] 21544  - [39m04/30/2026, 1:12:18 PM [32m    LOG[39m [38;5;3m[RouterExplorer] [39m[32mMapped {/users/profile, PATCH} (version: 1) route[39m[38;5;3m +1ms[39m
[32m[Nest] 21544  - [39m04/30/2026, 1:12:18 PM [32m    LOG[39m [38;5;3m[RouterExplorer] [39m[32mMapped {/users, POST} (version: 1) route[39m[38;5;3m +0ms[39m
[32m[Nest] 21544  - [39m04/30/2026, 1:12:18 PM [32m    LOG[39m [38;5;3m[RouterExplorer] [39m[32mMapped {/users, GET} (version: 1) route[39m[38;5;3m +1ms[39m
[32m[Nest] 21544  - [39m04/30/2026, 1:12:18 PM [32m    LOG[39m [38;5;3m[RouterExplorer] [39m[32mMapped {/users/stats, GET} (version: 1) route[39m[38;5;3m +0ms[39m
[32m[Nest] 21544  - [39m04/30/2026, 1:12:18 PM [32m    LOG[39m [38;5;3m[RouterExplorer] [39m[32mMapped {/users/:id/addresses, GET} (version: 1) route[39m[38;5;3m +0ms[39m
[32m[Nest] 21544  - [39m04/30/2026, 1:12:18 PM [32m    LOG[39m [38;5;3m[RouterExplorer] [39m[32mMapped {/users/:id/addresses, POST} (version: 1) route[39m[38;5;3m +1ms[39m
[32m[Nest] 21544  - [39m04/30/2026, 1:12:18 PM [32m    LOG[39m [38;5;3m[RouterExplorer] [39m[32mMapped {/users/:id, GET} (version: 1) route[39m[38;5;3m +0ms[39m
[32m[Nest] 21544  - [39m04/30/2026, 1:12:18 PM [32m    LOG[39m [38;5;3m[RouterExplorer] [39m[32mMapped {/users/:id, PATCH} (version: 1) route[39m[38;5;3m +1ms[39m
[32m[Nest] 21544  - [39m04/30/2026, 1:12:18 PM [32m    LOG[39m [38;5;3m[RouterExplorer] [39m[32mMapped {/users/:id, DELETE} (version: 1) route[39m[38;5;3m +0ms[39m
[32m[Nest] 21544  - [39m04/30/2026, 1:12:18 PM [32m    LOG[39m [38;5;3m[RouterExplorer] [39m[32mMapped {/users/:userId/addresses/:addressId, PATCH} (version: 1) route[39m[38;5;3m +0ms[39m
[32m[Nest] 21544  - [39m04/30/2026, 1:12:18 PM [32m    LOG[39m [38;5;3m[RouterExplorer] [39m[32mMapped {/users/:userId/addresses/:addressId, DELETE} (version: 1) route[39m[38;5;3m +1ms[39m
[32m[Nest] 21544  - [39m04/30/2026, 1:12:18 PM [32m    LOG[39m [38;5;3m[RoutesResolver] [39m[32mSellersController {/sellers} (version: 1):[39m[38;5;3m +0ms[39m
[32m[Nest] 21544  - [39m04/30/2026, 1:12:18 PM [32m    LOG[39m [38;5;3m[RouterExplorer] [39m[32mMapped {/sellers/:id, GET} (version: 1) route[39m[38;5;3m +0ms[39m
[32m[Nest] 21544  - [39m04/30/2026, 1:12:18 PM [32m    LOG[39m [38;5;3m[RoutesResolver] [39m[32mCategoriesController {/categories} (version: 1):[39m[38;5;3m +0ms[39m
[32m[Nest] 21544  - [39m04/30/2026, 1:12:18 PM [32m    LOG[39m [38;5;3m[RouterExplorer] [39m[32mMapped {/categories, GET} (version: 1) route[39m[38;5;3m +0ms[39m
[32m[Nest] 21544  - [39m04/30/2026, 1:12:18 PM [32m    LOG[39m [38;5;3m[RouterExplorer] [39m[32mMapped {/categories/stats, GET} (version: 1) route[39m[38;5;3m +1ms[39m
[32m[Nest] 21544  - [39m04/30/2026, 1:12:18 PM [32m    LOG[39m [38;5;3m[RouterExplorer] [39m[32mMapped {/categories, POST} (version: 1) route[39m[38;5;3m +0ms[39m
[32m[Nest] 21544  - [39m04/30/2026, 1:12:18 PM [32m    LOG[39m [38;5;3m[RouterExplorer] [39m[32mMapped {/categories/s/:slug, GET} (version: 1) route[39m[38;5;3m +0ms[39m
[32m[Nest] 21544  - [39m04/30/2026, 1:12:18 PM [32m    LOG[39m [38;5;3m[RouterExplorer] [39m[32mMapped {/categories/:id, GET} (version: 1) route[39m[38;5;3m +1ms[39m
[32m[Nest] 21544  - [39m04/30/2026, 1:12:18 PM [32m    LOG[39m [38;5;3m[RouterExplorer] [39m[32mMapped {/categories/:id, PATCH} (version: 1) route[39m[38;5;3m +0ms[39m
[32m[Nest] 21544  - [39m04/30/2026, 1:12:18 PM [32m    LOG[39m [38;5;3m[RouterExplorer] [39m[32mMapped {/categories/:id, DELETE} (version: 1) route[39m[38;5;3m +0ms[39m
[32m[Nest] 21544  - [39m04/30/2026, 1:12:18 PM [32m    LOG[39m [38;5;3m[RoutesResolver] [39m[32mProductsController {/products} (version: 1):[39m[38;5;3m +0ms[39m
[32m[Nest] 21544  - [39m04/30/2026, 1:12:18 PM [32m    LOG[39m [38;5;3m[RouterExplorer] [39m[32mMapped {/products/upload, POST} (version: 1) route[39m[38;5;3m +1ms[39m
[32m[Nest] 21544  - [39m04/30/2026, 1:12:18 PM [32m    LOG[39m [38;5;3m[RouterExplorer] [39m[32mMapped {/products, POST} (version: 1) route[39m[38;5;3m +0ms[39m
[32m[Nest] 21544  - [39m04/30/2026, 1:12:18 PM [32m    LOG[39m [38;5;3m[RouterExplorer] [39m[32mMapped {/products, GET} (version: 1) route[39m[38;5;3m +0ms[39m
[32m[Nest] 21544  - [39m04/30/2026, 1:12:18 PM [32m    LOG[39m [38;5;3m[RouterExplorer] [39m[32mMapped {/products/stats, GET} (version: 1) route[39m[38;5;3m +1ms[39m
[32m[Nest] 21544  - [39m04/30/2026, 1:12:18 PM [32m    LOG[39m [38;5;3m[RouterExplorer] [39m[32mMapped {/products/seller/:sellerId, GET} (version: 1) route[39m[38;5;3m +0ms[39m
[32m[Nest] 21544  - [39m04/30/2026, 1:12:18 PM [32m    LOG[39m [38;5;3m[RouterExplorer] [39m[32mMapped {/products/low-stock, GET} (version: 1) route[39m[38;5;3m +0ms[39m
[32m[Nest] 21544  - [39m04/30/2026, 1:12:18 PM [32m    LOG[39m [38;5;3m[RouterExplorer] [39m[32mMapped {/products/:id, GET} (version: 1) route[39m[38;5;3m +1ms[39m
[32m[Nest] 21544  - [39m04/30/2026, 1:12:18 PM [32m    LOG[39m [38;5;3m[RouterExplorer] [39m[32mMapped {/products/:id, PATCH} (version: 1) route[39m[38;5;3m +0ms[39m
[32m[Nest] 21544  - [39m04/30/2026, 1:12:18 PM [32m    LOG[39m [38;5;3m[RouterExplorer] [39m[32mMapped {/products/:id, DELETE} (version: 1) route[39m[38;5;3m +0ms[39m
[32m[Nest] 21544  - [39m04/30/2026, 1:12:18 PM [32m    LOG[39m [38;5;3m[RouterExplorer] [39m[32mMapped {/products/:id/inventory, GET} (version: 1) route[39m[38;5;3m +0ms[39m
[32m[Nest] 21544  - [39m04/30/2026, 1:12:18 PM [32m    LOG[39m [38;5;3m[RouterExplorer] [39m[32mMapped {/products/:id/stock, PATCH} (version: 1) route[39m[38;5;3m +1ms[39m
[32m[Nest] 21544  - [39m04/30/2026, 1:12:18 PM [32m    LOG[39m [38;5;3m[RouterExplorer] [39m[32mMapped {/products/:id/inventory-log, GET} (version: 1) route[39m[38;5;3m +0ms[39m
[32m[Nest] 21544  - [39m04/30/2026, 1:12:18 PM [32m    LOG[39m [38;5;3m[RouterExplorer] [39m[32mMapped {/products/:id/view, POST} (version: 1) route[39m[38;5;3m +0ms[39m
[32m[Nest] 21544  - [39m04/30/2026, 1:12:18 PM [32m    LOG[39m [38;5;3m[RoutesResolver] [39m[32mFlashSalesController {/flash-sales} (version: 1):[39m[38;5;3m +0ms[39m
[32m[Nest] 21544  - [39m04/30/2026, 1:12:18 PM [32m    LOG[39m [38;5;3m[RouterExplorer] [39m[32mMapped {/flash-sales, GET} (version: 1) route[39m[38;5;3m +1ms[39m
[32m[Nest] 21544  - [39m04/30/2026, 1:12:18 PM [32m    LOG[39m [38;5;3m[RouterExplorer] [39m[32mMapped {/flash-sales/active, GET} (version: 1) route[39m[38;5;3m +0ms[39m
[32m[Nest] 21544  - [39m04/30/2026, 1:12:18 PM [32m    LOG[39m [38;5;3m[RouterExplorer] [39m[32mMapped {/flash-sales/:id, GET} (version: 1) route[39m[38;5;3m +0ms[39m
[32m[Nest] 21544  - [39m04/30/2026, 1:12:18 PM [32m    LOG[39m [38;5;3m[RouterExplorer] [39m[32mMapped {/flash-sales, POST} (version: 1) route[39m[38;5;3m +1ms[39m
[32m[Nest] 21544  - [39m04/30/2026, 1:12:18 PM [32m    LOG[39m [38;5;3m[RouterExplorer] [39m[32mMapped {/flash-sales/:id, PATCH} (version: 1) route[39m[38;5;3m +0ms[39m
[32m[Nest] 21544  - [39m04/30/2026, 1:12:18 PM [32m    LOG[39m [38;5;3m[RouterExplorer] [39m[32mMapped {/flash-sales/:id, DELETE} (version: 1) route[39m[38;5;3m +0ms[39m
[32m[Nest] 21544  - [39m04/30/2026, 1:12:18 PM [32m    LOG[39m [38;5;3m[RoutesResolver] [39m[32mMediaController {/media} (version: 1):[39m[38;5;3m +0ms[39m
[32m[Nest] 21544  - [39m04/30/2026, 1:12:18 PM [32m    LOG[39m [38;5;3m[RouterExplorer] [39m[32mMapped {/media/folders, POST} (version: 1) route[39m[38;5;3m +1ms[39m
[32m[Nest] 21544  - [39m04/30/2026, 1:12:18 PM [32m    LOG[39m [38;5;3m[RouterExplorer] [39m[32mMapped {/media/folders, GET} (version: 1) route[39m[38;5;3m +0ms[39m
[32m[Nest] 21544  - [39m04/30/2026, 1:12:18 PM [32m    LOG[39m [38;5;3m[RouterExplorer] [39m[32mMapped {/media/folders/:folderId, GET} (version: 1) route[39m[38;5;3m +0ms[39m
[32m[Nest] 21544  - [39m04/30/2026, 1:12:18 PM [32m    LOG[39m [38;5;3m[RouterExplorer] [39m[32mMapped {/media/folders/:folderId, PATCH} (version: 1) route[39m[38;5;3m +0ms[39m
[32m[Nest] 21544  - [39m04/30/2026, 1:12:18 PM [32m    LOG[39m [38;5;3m[RouterExplorer] [39m[32mMapped {/media/folders/:folderId, DELETE} (version: 1) route[39m[38;5;3m +1ms[39m
[32m[Nest] 21544  - [39m04/30/2026, 1:12:18 PM [32m    LOG[39m [38;5;3m[RouterExplorer] [39m[32mMapped {/media/folders/:folderId/images, POST} (version: 1) route[39m[38;5;3m +0ms[39m
[32m[Nest] 21544  - [39m04/30/2026, 1:12:18 PM [32m    LOG[39m [38;5;3m[RouterExplorer] [39m[32mMapped {/media/folders/:folderId/images, GET} (version: 1) route[39m[38;5;3m +0ms[39m
[32m[Nest] 21544  - [39m04/30/2026, 1:12:18 PM [32m    LOG[39m [38;5;3m[RouterExplorer] [39m[32mMapped {/media/images/:imageId, GET} (version: 1) route[39m[38;5;3m +0ms[39m
[32m[Nest] 21544  - [39m04/30/2026, 1:12:18 PM [32m    LOG[39m [38;5;3m[RouterExplorer] [39m[32mMapped {/media/images/:imageId, DELETE} (version: 1) route[39m[38;5;3m +1ms[39m
[32m[Nest] 21544  - [39m04/30/2026, 1:12:18 PM [32m    LOG[39m [38;5;3m[RoutesResolver] [39m[32mAuthController {/auth} (version: 1):[39m[38;5;3m +0ms[39m
[32m[Nest] 21544  - [39m04/30/2026, 1:12:18 PM [32m    LOG[39m [38;5;3m[RouterExplorer] [39m[32mMapped {/auth/register, POST} (version: 1) route[39m[38;5;3m +0ms[39m
[32m[Nest] 21544  - [39m04/30/2026, 1:12:18 PM [32m    LOG[39m [38;5;3m[RouterExplorer] [39m[32mMapped {/auth/verify-otp, POST} (version: 1) route[39m[38;5;3m +1ms[39m
[32m[Nest] 21544  - [39m04/30/2026, 1:12:18 PM [32m    LOG[39m [38;5;3m[RouterExplorer] [39m[32mMapped {/auth/login, POST} (version: 1) route[39m[38;5;3m +0ms[39m
[32m[Nest] 21544  - [39m04/30/2026, 1:12:18 PM [32m    LOG[39m [38;5;3m[RouterExplorer] [39m[32mMapped {/auth/google, POST} (version: 1) route[39m[38;5;3m +0ms[39m
[32m[Nest] 21544  - [39m04/30/2026, 1:12:18 PM [32m    LOG[39m [38;5;3m[RouterExplorer] [39m[32mMapped {/auth/forgot-password, POST} (version: 1) route[39m[38;5;3m +0ms[39m
[32m[Nest] 21544  - [39m04/30/2026, 1:12:18 PM [32m    LOG[39m [38;5;3m[RouterExplorer] [39m[32mMapped {/auth/reset-password, POST} (version: 1) route[39m[38;5;3m +1ms[39m
[32m[Nest] 21544  - [39m04/30/2026, 1:12:18 PM [32m    LOG[39m [38;5;3m[RouterExplorer] [39m[32mMapped {/auth/refresh, POST} (version: 1) route[39m[38;5;3m +0ms[39m
[32m[Nest] 21544  - [39m04/30/2026, 1:12:18 PM [32m    LOG[39m [38;5;3m[RoutesResolver] [39m[32mVouchersController {/vouchers} (version: 1):[39m[38;5;3m +0ms[39m
[32m[Nest] 21544  - [39m04/30/2026, 1:12:18 PM [32m    LOG[39m [38;5;3m[RouterExplorer] [39m[32mMapped {/vouchers, GET} (version: 1) route[39m[38;5;3m +1ms[39m
[32m[Nest] 21544  - [39m04/30/2026, 1:12:18 PM [32m    LOG[39m [38;5;3m[RouterExplorer] [39m[32mMapped {/vouchers/code/:code, GET} (version: 1) route[39m[38;5;3m +0ms[39m
[32m[Nest] 21544  - [39m04/30/2026, 1:12:18 PM [32m    LOG[39m [38;5;3m[RouterExplorer] [39m[32mMapped {/vouchers/:id, GET} (version: 1) route[39m[38;5;3m +0ms[39m
[32m[Nest] 21544  - [39m04/30/2026, 1:12:18 PM [32m    LOG[39m [38;5;3m[RouterExplorer] [39m[32mMapped {/vouchers, POST} (version: 1) route[39m[38;5;3m +0ms[39m
[32m[Nest] 21544  - [39m04/30/2026, 1:12:18 PM [32m    LOG[39m [38;5;3m[RouterExplorer] [39m[32mMapped {/vouchers/:id, PATCH} (version: 1) route[39m[38;5;3m +1ms[39m
[32m[Nest] 21544  - [39m04/30/2026, 1:12:18 PM [32m    LOG[39m [38;5;3m[RouterExplorer] [39m[32mMapped {/vouchers/:id, DELETE} (version: 1) route[39m[38;5;3m +0ms[39m
[32m[Nest] 21544  - [39m04/30/2026, 1:12:18 PM [32m    LOG[39m [38;5;3m[RoutesResolver] [39m[32mCartController {/cart} (version: 1):[39m[38;5;3m +0ms[39m
[32m[Nest] 21544  - [39m04/30/2026, 1:12:18 PM [32m    LOG[39m [38;5;3m[RouterExplorer] [39m[32mMapped {/cart, GET} (version: 1) route[39m[38;5;3m +1ms[39m
[32m[Nest] 21544  - [39m04/30/2026, 1:12:18 PM [32m    LOG[39m [38;5;3m[RouterExplorer] [39m[32mMapped {/cart/items, POST} (version: 1) route[39m[38;5;3m +0ms[39m
[32m[Nest] 21544  - [39m04/30/2026, 1:12:18 PM [32m    LOG[39m [38;5;3m[RouterExplorer] [39m[32mMapped {/cart/items/:productId, PATCH} (version: 1) route[39m[38;5;3m +0ms[39m
[32m[Nest] 21544  - [39m04/30/2026, 1:12:18 PM [32m    LOG[39m [38;5;3m[RouterExplorer] [39m[32mMapped {/cart/items/:productId, DELETE} (version: 1) route[39m[38;5;3m +1ms[39m
[32m[Nest] 21544  - [39m04/30/2026, 1:12:18 PM [32m    LOG[39m [38;5;3m[RouterExplorer] [39m[32mMapped {/cart, DELETE} (version: 1) route[39m[38;5;3m +0ms[39m
[32m[Nest] 21544  - [39m04/30/2026, 1:12:18 PM [32m    LOG[39m [38;5;3m[RouterExplorer] [39m[32mMapped {/cart/suggestions, GET} (version: 1) route[39m[38;5;3m +0ms[39m
[32m[Nest] 21544  - [39m04/30/2026, 1:12:18 PM [32m    LOG[39m [38;5;3m[RouterExplorer] [39m[32mMapped {/cart/apply-voucher, POST} (version: 1) route[39m[38;5;3m +0ms[39m
[32m[Nest] 21544  - [39m04/30/2026, 1:12:18 PM [32m    LOG[39m [38;5;3m[RouterExplorer] [39m[32mMapped {/cart/remove-voucher, POST} (version: 1) route[39m[38;5;3m +1ms[39m
[32m[Nest] 21544  - [39m04/30/2026, 1:12:18 PM [32m    LOG[39m [38;5;3m[RoutesResolver] [39m[32mChatController {/chat} (version: 1):[39m[38;5;3m +0ms[39m
[32m[Nest] 21544  - [39m04/30/2026, 1:12:18 PM [32m    LOG[39m [38;5;3m[RouterExplorer] [39m[32mMapped {/chat/conversations, GET} (version: 1) route[39m[38;5;3m +0ms[39m
[32m[Nest] 21544  - [39m04/30/2026, 1:12:18 PM [32m    LOG[39m [38;5;3m[RouterExplorer] [39m[32mMapped {/chat/conversations/:conversationId, GET} (version: 1) route[39m[38;5;3m +1ms[39m
[32m[Nest] 21544  - [39m04/30/2026, 1:12:18 PM [32m    LOG[39m [38;5;3m[RouterExplorer] [39m[32mMapped {/chat/conversations/:conversationId/messages, GET} (version: 1) route[39m[38;5;3m +0ms[39m
[32m[Nest] 21544  - [39m04/30/2026, 1:12:18 PM [32m    LOG[39m [38;5;3m[RouterExplorer] [39m[32mMapped {/chat/conversations, POST} (version: 1) route[39m[38;5;3m +0ms[39m
[32m[Nest] 21544  - [39m04/30/2026, 1:12:18 PM [32m    LOG[39m [38;5;3m[RouterExplorer] [39m[32mMapped {/chat/conversations/:conversationId/messages/text, POST} (version: 1) route[39m[38;5;3m +0ms[39m
[32m[Nest] 21544  - [39m04/30/2026, 1:12:18 PM [32m    LOG[39m [38;5;3m[RouterExplorer] [39m[32mMapped {/chat/conversations/:conversationId/messages/offer, POST} (version: 1) route[39m[38;5;3m +1ms[39m
[32m[Nest] 21544  - [39m04/30/2026, 1:12:18 PM [32m    LOG[39m [38;5;3m[RouterExplorer] [39m[32mMapped {/chat/conversations/:conversationId/messages/image, POST} (version: 1) route[39m[38;5;3m +0ms[39m
[32m[Nest] 21544  - [39m04/30/2026, 1:12:18 PM [32m    LOG[39m [38;5;3m[RouterExplorer] [39m[32mMapped {/chat/conversations/:conversationId/read, POST} (version: 1) route[39m[38;5;3m +0ms[39m
[32m[Nest] 21544  - [39m04/30/2026, 1:12:18 PM [32m    LOG[39m [38;5;3m[RouterExplorer] [39m[32mMapped {/chat/unread-count, GET} (version: 1) route[39m[38;5;3m +1ms[39m
[32m[Nest] 21544  - [39m04/30/2026, 1:12:18 PM [32m    LOG[39m [38;5;3m[RoutesResolver] [39m[32mOrdersController {/orders} (version: 1):[39m[38;5;3m +0ms[39m
[32m[Nest] 21544  - [39m04/30/2026, 1:12:18 PM [32m    LOG[39m [38;5;3m[RouterExplorer] [39m[32mMapped {/orders/checkout, POST} (version: 1) route[39m[38;5;3m +0ms[39m
[32m[Nest] 21544  - [39m04/30/2026, 1:12:18 PM [32m    LOG[39m [38;5;3m[RouterExplorer] [39m[32mMapped {/orders/confirm-payment, POST} (version: 1) route[39m[38;5;3m +0ms[39m
[32m[Nest] 21544  - [39m04/30/2026, 1:12:18 PM [32m    LOG[39m [38;5;3m[RouterExplorer] [39m[32mMapped {/orders/my-orders, GET} (version: 1) route[39m[38;5;3m +1ms[39m
[32m[Nest] 21544  - [39m04/30/2026, 1:12:18 PM [32m    LOG[39m [38;5;3m[RouterExplorer] [39m[32mMapped {/orders/seller-orders, GET} (version: 1) route[39m[38;5;3m +0ms[39m
[32m[Nest] 21544  - [39m04/30/2026, 1:12:18 PM [32m    LOG[39m [38;5;3m[RouterExplorer] [39m[32mMapped {/orders/sub-order/:id, GET} (version: 1) route[39m[38;5;3m +0ms[39m
[32m[Nest] 21544  - [39m04/30/2026, 1:12:18 PM [32m    LOG[39m [38;5;3m[RouterExplorer] [39m[32mMapped {/orders/:id, GET} (version: 1) route[39m[38;5;3m +0ms[39m
[32m[Nest] 21544  - [39m04/30/2026, 1:12:18 PM [32m    LOG[39m [38;5;3m[RouterExplorer] [39m[32mMapped {/orders/sub-order/:id/status, PATCH} (version: 1) route[39m[38;5;3m +1ms[39m
[32m[Nest] 21544  - [39m04/30/2026, 1:12:18 PM [32m    LOG[39m [38;5;3m[RoutesResolver] [39m[32mCustomOrdersController {/custom-orders} (version: 1):[39m[38;5;3m +0ms[39m
[32m[Nest] 21544  - [39m04/30/2026, 1:12:18 PM [32m    LOG[39m [38;5;3m[RouterExplorer] [39m[32mMapped {/custom-orders, POST} (version: 1) route[39m[38;5;3m +0ms[39m
[32m[Nest] 21544  - [39m04/30/2026, 1:12:18 PM [32m    LOG[39m [38;5;3m[RouterExplorer] [39m[32mMapped {/custom-orders/my-orders, GET} (version: 1) route[39m[38;5;3m +0ms[39m
[32m[Nest] 21544  - [39m04/30/2026, 1:12:18 PM [32m    LOG[39m [38;5;3m[RouterExplorer] [39m[32mMapped {/custom-orders/seller-orders, GET} (version: 1) route[39m[38;5;3m +1ms[39m
[32m[Nest] 21544  - [39m04/30/2026, 1:12:18 PM [32m    LOG[39m [38;5;3m[RouterExplorer] [39m[32mMapped {/custom-orders/:id, GET} (version: 1) route[39m[38;5;3m +0ms[39m
[32m[Nest] 21544  - [39m04/30/2026, 1:12:18 PM [32m    LOG[39m [38;5;3m[RouterExplorer] [39m[32mMapped {/custom-orders/:id/request-revision, POST} (version: 1) route[39m[38;5;3m +0ms[39m
[32m[Nest] 21544  - [39m04/30/2026, 1:12:18 PM [32m    LOG[39m [38;5;3m[RouterExplorer] [39m[32mMapped {/custom-orders/:id/approve-sketch, POST} (version: 1) route[39m[38;5;3m +0ms[39m
[32m[Nest] 21544  - [39m04/30/2026, 1:12:19 PM [32m    LOG[39m [38;5;3m[RouterExplorer] [39m[32mMapped {/custom-orders/:id/confirm-payment, POST} (version: 1) route[39m[38;5;3m +1ms[39m
[32m[Nest] 21544  - [39m04/30/2026, 1:12:19 PM [32m    LOG[39m [38;5;3m[RouterExplorer] [39m[32mMapped {/custom-orders/:id/status, PATCH} (version: 1) route[39m[38;5;3m +0ms[39m
[32m[Nest] 21544  - [39m04/30/2026, 1:12:19 PM [32m    LOG[39m [38;5;3m[RouterExplorer] [39m[32mMapped {/custom-orders/:id/sketch, PATCH} (version: 1) route[39m[38;5;3m +0ms[39m
[32m[Nest] 21544  - [39m04/30/2026, 1:12:19 PM [32m    LOG[39m [38;5;3m[RoutesResolver] [39m[32mAnalyticsController {/analytics} (version: 1):[39m[38;5;3m +1ms[39m
[32m[Nest] 21544  - [39m04/30/2026, 1:12:19 PM [32m    LOG[39m [38;5;3m[RouterExplorer] [39m[32mMapped {/analytics/seller/revenue-over-time, GET} (version: 1) route[39m[38;5;3m +0ms[39m
[32m[Nest] 21544  - [39m04/30/2026, 1:12:19 PM [32m    LOG[39m [38;5;3m[RouterExplorer] [39m[32mMapped {/analytics/seller/revenue-by-category, GET} (version: 1) route[39m[38;5;3m +0ms[39m
[32m[Nest] 21544  - [39m04/30/2026, 1:12:19 PM [32m    LOG[39m [38;5;3m[RoutesResolver] [39m[32mReviewsController {/reviews} (version: 1):[39m[38;5;3m +0ms[39m
[32m[Nest] 21544  - [39m04/30/2026, 1:12:19 PM [32m    LOG[39m [38;5;3m[RouterExplorer] [39m[32mMapped {/reviews, POST} (version: 1) route[39m[38;5;3m +1ms[39m
[32m[Nest] 21544  - [39m04/30/2026, 1:12:19 PM [32m    LOG[39m [38;5;3m[RouterExplorer] [39m[32mMapped {/reviews/product/:productId, GET} (version: 1) route[39m[38;5;3m +0ms[39m
[32m[Nest] 21544  - [39m04/30/2026, 1:12:19 PM [32m    LOG[39m [38;5;3m[RouterExplorer] [39m[32mMapped {/reviews/:id/reply, PATCH} (version: 1) route[39m[38;5;3m +0ms[39m
[32m[Nest] 21544  - [39m04/30/2026, 1:12:19 PM [32m    LOG[39m [38;5;3m[RouterExplorer] [39m[32mMapped {/reviews/seller/latest, GET} (version: 1) route[39m[38;5;3m +0ms[39m
[32m[Nest] 21544  - [39m04/30/2026, 1:12:19 PM [32m    LOG[39m [38;5;3m[EbayProductImportService] [39m[32mRun eBay crawler script: D:\Ecommere-handmade\backend\crawl\ebay-product-import.js[39m
[dotenv@17.3.1] injecting env (0) from .env -- tip: ⚙️  specify custom .env file path with { path: '/custom/path/.env' }
[ebay-crawl] Already has 100 imported products, skip.
[32m[Nest] 21544  - [39m04/30/2026, 1:12:19 PM [32m    LOG[39m [38;5;3m[NestApplication] [39m[32mNest application successfully started[39m[38;5;3m +139ms[39m
[32m[Nest] 21544  - [39m04/30/2026, 1:12:19 PM [32m    LOG[39m [38;5;3m[Bootstrap] [39m[32mApplication is running on: http://localhost:3001[39m
[32m[Nest] 21544  - [39m04/30/2026, 1:12:19 PM [32m    LOG[39m [38;5;3m[Bootstrap] [39m[32mSwagger docs: http://localhost:3001/api[39m
