[32m[Nest] 33444  - [39m16:54:38 31/03/2026 [32m    LOG[39m [38;5;3m[NestFactory] [39m[32mStarting Nest application...[39m
[32m[Nest] 33444  - [39m16:54:38 31/03/2026 [32m    LOG[39m [38;5;3m[InstanceLoader] [39m[32mPrismaModule dependencies initialized[39m[38;5;3m +41ms[39m
[32m[Nest] 33444  - [39m16:54:38 31/03/2026 [32m    LOG[39m [38;5;3m[InstanceLoader] [39m[32mPassportModule dependencies initialized[39m[38;5;3m +6ms[39m
[32m[Nest] 33444  - [39m16:54:38 31/03/2026 [32m    LOG[39m [38;5;3m[InstanceLoader] [39m[32mMailerModule dependencies initialized[39m[38;5;3m +6ms[39m
[32m[Nest] 33444  - [39m16:54:38 31/03/2026 [32m    LOG[39m [38;5;3m[InstanceLoader] [39m[32mConfigHostModule dependencies initialized[39m[38;5;3m +7ms[39m
[32m[Nest] 33444  - [39m16:54:38 31/03/2026 [32m    LOG[39m [38;5;3m[InstanceLoader] [39m[32mThrottlerModule dependencies initialized[39m[38;5;3m +2ms[39m
[32m[Nest] 33444  - [39m16:54:38 31/03/2026 [32m    LOG[39m [38;5;3m[InstanceLoader] [39m[32mConfigModule dependencies initialized[39m[38;5;3m +3ms[39m
[32m[Nest] 33444  - [39m16:54:38 31/03/2026 [32m    LOG[39m [38;5;3m[InstanceLoader] [39m[32mConfigModule dependencies initialized[39m[38;5;3m +1ms[39m
[32m[Nest] 33444  - [39m16:54:38 31/03/2026 [32m    LOG[39m [38;5;3m[InstanceLoader] [39m[32mAppModule dependencies initialized[39m[38;5;3m +1ms[39m
[32m[Nest] 33444  - [39m16:54:38 31/03/2026 [32m    LOG[39m [38;5;3m[InstanceLoader] [39m[32mJwtModule dependencies initialized[39m[38;5;3m +1ms[39m
[32m[Nest] 33444  - [39m16:54:38 31/03/2026 [32m    LOG[39m [38;5;3m[InstanceLoader] [39m[32mUsersModule dependencies initialized[39m[38;5;3m +1ms[39m
[32m[Nest] 33444  - [39m16:54:38 31/03/2026 [32m    LOG[39m [38;5;3m[InstanceLoader] [39m[32mCategoriesModule dependencies initialized[39m[38;5;3m +1ms[39m
[32m[Nest] 33444  - [39m16:54:38 31/03/2026 [32m    LOG[39m [38;5;3m[InstanceLoader] [39m[32mProductsModule dependencies initialized[39m[38;5;3m +0ms[39m
[32m[Nest] 33444  - [39m16:54:38 31/03/2026 [32m    LOG[39m [38;5;3m[InstanceLoader] [39m[32mMediaModule dependencies initialized[39m[38;5;3m +0ms[39m
[32m[Nest] 33444  - [39m16:54:38 31/03/2026 [32m    LOG[39m [38;5;3m[InstanceLoader] [39m[32mVouchersModule dependencies initialized[39m[38;5;3m +1ms[39m
[32m[Nest] 33444  - [39m16:54:38 31/03/2026 [32m    LOG[39m [38;5;3m[InstanceLoader] [39m[32mFlashSalesModule dependencies initialized[39m[38;5;3m +0ms[39m
[32m[Nest] 33444  - [39m16:54:38 31/03/2026 [32m    LOG[39m [38;5;3m[InstanceLoader] [39m[32mAuthModule dependencies initialized[39m[38;5;3m +0ms[39m
[32m[Nest] 33444  - [39m16:54:38 31/03/2026 [32m    LOG[39m [38;5;3m[RoutesResolver] [39m[32mAppController {/} (version: 1):[39m[38;5;3m +54ms[39m
[32m[Nest] 33444  - [39m16:54:38 31/03/2026 [32m    LOG[39m [38;5;3m[RouterExplorer] [39m[32mMapped {/health, GET} (version: 1) route[39m[38;5;3m +4ms[39m
[32m[Nest] 33444  - [39m16:54:38 31/03/2026 [32m    LOG[39m [38;5;3m[RoutesResolver] [39m[32mUsersController {/users} (version: 1):[39m[38;5;3m +0ms[39m
[32m[Nest] 33444  - [39m16:54:38 31/03/2026 [32m    LOG[39m [38;5;3m[RouterExplorer] [39m[32mMapped {/users, POST} (version: 1) route[39m[38;5;3m +2ms[39m
[32m[Nest] 33444  - [39m16:54:38 31/03/2026 [32m    LOG[39m [38;5;3m[RouterExplorer] [39m[32mMapped {/users, GET} (version: 1) route[39m[38;5;3m +0ms[39m
[32m[Nest] 33444  - [39m16:54:38 31/03/2026 [32m    LOG[39m [38;5;3m[RouterExplorer] [39m[32mMapped {/users/stats, GET} (version: 1) route[39m[38;5;3m +1ms[39m
[32m[Nest] 33444  - [39m16:54:38 31/03/2026 [32m    LOG[39m [38;5;3m[RouterExplorer] [39m[32mMapped {/users/:id/addresses, GET} (version: 1) route[39m[38;5;3m +1ms[39m
[32m[Nest] 33444  - [39m16:54:38 31/03/2026 [32m    LOG[39m [38;5;3m[RouterExplorer] [39m[32mMapped {/users/:id/addresses, POST} (version: 1) route[39m[38;5;3m +1ms[39m
[32m[Nest] 33444  - [39m16:54:38 31/03/2026 [32m    LOG[39m [38;5;3m[RouterExplorer] [39m[32mMapped {/users/:id, GET} (version: 1) route[39m[38;5;3m +1ms[39m
[32m[Nest] 33444  - [39m16:54:38 31/03/2026 [32m    LOG[39m [38;5;3m[RouterExplorer] [39m[32mMapped {/users/:id, PATCH} (version: 1) route[39m[38;5;3m +1ms[39m
[32m[Nest] 33444  - [39m16:54:38 31/03/2026 [32m    LOG[39m [38;5;3m[RouterExplorer] [39m[32mMapped {/users/:id, DELETE} (version: 1) route[39m[38;5;3m +1ms[39m
[32m[Nest] 33444  - [39m16:54:38 31/03/2026 [32m    LOG[39m [38;5;3m[RouterExplorer] [39m[32mMapped {/users/:userId/addresses/:addressId, PATCH} (version: 1) route[39m[38;5;3m +1ms[39m
[32m[Nest] 33444  - [39m16:54:38 31/03/2026 [32m    LOG[39m [38;5;3m[RouterExplorer] [39m[32mMapped {/users/:userId/addresses/:addressId, DELETE} (version: 1) route[39m[38;5;3m +0ms[39m
[32m[Nest] 33444  - [39m16:54:38 31/03/2026 [32m    LOG[39m [38;5;3m[RoutesResolver] [39m[32mCategoriesController {/categories} (version: 1):[39m[38;5;3m +1ms[39m
[32m[Nest] 33444  - [39m16:54:38 31/03/2026 [32m    LOG[39m [38;5;3m[RouterExplorer] [39m[32mMapped {/categories, GET} (version: 1) route[39m[38;5;3m +1ms[39m
[32m[Nest] 33444  - [39m16:54:38 31/03/2026 [32m    LOG[39m [38;5;3m[RouterExplorer] [39m[32mMapped {/categories/stats, GET} (version: 1) route[39m[38;5;3m +0ms[39m
[32m[Nest] 33444  - [39m16:54:38 31/03/2026 [32m    LOG[39m [38;5;3m[RouterExplorer] [39m[32mMapped {/categories, POST} (version: 1) route[39m[38;5;3m +1ms[39m
[32m[Nest] 33444  - [39m16:54:38 31/03/2026 [32m    LOG[39m [38;5;3m[RouterExplorer] [39m[32mMapped {/categories/:id, GET} (version: 1) route[39m[38;5;3m +1ms[39m
[32m[Nest] 33444  - [39m16:54:38 31/03/2026 [32m    LOG[39m [38;5;3m[RouterExplorer] [39m[32mMapped {/categories/:id, PATCH} (version: 1) route[39m[38;5;3m +1ms[39m
[32m[Nest] 33444  - [39m16:54:38 31/03/2026 [32m    LOG[39m [38;5;3m[RouterExplorer] [39m[32mMapped {/categories/:id, DELETE} (version: 1) route[39m[38;5;3m +0ms[39m
[32m[Nest] 33444  - [39m16:54:38 31/03/2026 [32m    LOG[39m [38;5;3m[RoutesResolver] [39m[32mProductsController {/products} (version: 1):[39m[38;5;3m +1ms[39m
[32m[Nest] 33444  - [39m16:54:38 31/03/2026 [32m    LOG[39m [38;5;3m[RouterExplorer] [39m[32mMapped {/products, POST} (version: 1) route[39m[38;5;3m +0ms[39m
[32m[Nest] 33444  - [39m16:54:38 31/03/2026 [32m    LOG[39m [38;5;3m[RouterExplorer] [39m[32mMapped {/products, GET} (version: 1) route[39m[38;5;3m +1ms[39m
[32m[Nest] 33444  - [39m16:54:38 31/03/2026 [32m    LOG[39m [38;5;3m[RouterExplorer] [39m[32mMapped {/products/stats, GET} (version: 1) route[39m[38;5;3m +0ms[39m
[32m[Nest] 33444  - [39m16:54:38 31/03/2026 [32m    LOG[39m [38;5;3m[RouterExplorer] [39m[32mMapped {/products/seller/:sellerId, GET} (version: 1) route[39m[38;5;3m +1ms[39m
[32m[Nest] 33444  - [39m16:54:38 31/03/2026 [32m    LOG[39m [38;5;3m[RouterExplorer] [39m[32mMapped {/products/low-stock, GET} (version: 1) route[39m[38;5;3m +0ms[39m
[32m[Nest] 33444  - [39m16:54:38 31/03/2026 [32m    LOG[39m [38;5;3m[RouterExplorer] [39m[32mMapped {/products/:id, GET} (version: 1) route[39m[38;5;3m +1ms[39m
[32m[Nest] 33444  - [39m16:54:38 31/03/2026 [32m    LOG[39m [38;5;3m[RouterExplorer] [39m[32mMapped {/products/:id, PATCH} (version: 1) route[39m[38;5;3m +0ms[39m
[32m[Nest] 33444  - [39m16:54:38 31/03/2026 [32m    LOG[39m [38;5;3m[RouterExplorer] [39m[32mMapped {/products/:id, DELETE} (version: 1) route[39m[38;5;3m +1ms[39m
[32m[Nest] 33444  - [39m16:54:38 31/03/2026 [32m    LOG[39m [38;5;3m[RouterExplorer] [39m[32mMapped {/products/:id/inventory, GET} (version: 1) route[39m[38;5;3m +0ms[39m
[32m[Nest] 33444  - [39m16:54:38 31/03/2026 [32m    LOG[39m [38;5;3m[RouterExplorer] [39m[32mMapped {/products/:id/stock, PATCH} (version: 1) route[39m[38;5;3m +1ms[39m
[32m[Nest] 33444  - [39m16:54:38 31/03/2026 [32m    LOG[39m [38;5;3m[RouterExplorer] [39m[32mMapped {/products/:id/inventory-log, GET} (version: 1) route[39m[38;5;3m +1ms[39m
[32m[Nest] 33444  - [39m16:54:38 31/03/2026 [32m    LOG[39m [38;5;3m[RoutesResolver] [39m[32mMediaController {/media} (version: 1):[39m[38;5;3m +1ms[39m
[32m[Nest] 33444  - [39m16:54:38 31/03/2026 [32m    LOG[39m [38;5;3m[RouterExplorer] [39m[32mMapped {/media/folders, POST} (version: 1) route[39m[38;5;3m +1ms[39m
[32m[Nest] 33444  - [39m16:54:38 31/03/2026 [32m    LOG[39m [38;5;3m[RouterExplorer] [39m[32mMapped {/media/folders, GET} (version: 1) route[39m[38;5;3m +0ms[39m
[32m[Nest] 33444  - [39m16:54:38 31/03/2026 [32m    LOG[39m [38;5;3m[RouterExplorer] [39m[32mMapped {/media/folders/:folderId, GET} (version: 1) route[39m[38;5;3m +1ms[39m
[32m[Nest] 33444  - [39m16:54:38 31/03/2026 [32m    LOG[39m [38;5;3m[RouterExplorer] [39m[32mMapped {/media/folders/:folderId, PATCH} (version: 1) route[39m[38;5;3m +0ms[39m
[32m[Nest] 33444  - [39m16:54:38 31/03/2026 [32m    LOG[39m [38;5;3m[RouterExplorer] [39m[32mMapped {/media/folders/:folderId, DELETE} (version: 1) route[39m[38;5;3m +0ms[39m
[32m[Nest] 33444  - [39m16:54:38 31/03/2026 [32m    LOG[39m [38;5;3m[RouterExplorer] [39m[32mMapped {/media/folders/:folderId/images, POST} (version: 1) route[39m[38;5;3m +1ms[39m
[32m[Nest] 33444  - [39m16:54:38 31/03/2026 [32m    LOG[39m [38;5;3m[RouterExplorer] [39m[32mMapped {/media/folders/:folderId/images, GET} (version: 1) route[39m[38;5;3m +1ms[39m
[32m[Nest] 33444  - [39m16:54:38 31/03/2026 [32m    LOG[39m [38;5;3m[RouterExplorer] [39m[32mMapped {/media/images/:imageId, GET} (version: 1) route[39m[38;5;3m +1ms[39m
[32m[Nest] 33444  - [39m16:54:38 31/03/2026 [32m    LOG[39m [38;5;3m[RouterExplorer] [39m[32mMapped {/media/images/:imageId, DELETE} (version: 1) route[39m[38;5;3m +1ms[39m
[32m[Nest] 33444  - [39m16:54:38 31/03/2026 [32m    LOG[39m [38;5;3m[RoutesResolver] [39m[32mAuthController {/auth} (version: 1):[39m[38;5;3m +0ms[39m
[32m[Nest] 33444  - [39m16:54:38 31/03/2026 [32m    LOG[39m [38;5;3m[RouterExplorer] [39m[32mMapped {/auth/register, POST} (version: 1) route[39m[38;5;3m +1ms[39m
[32m[Nest] 33444  - [39m16:54:38 31/03/2026 [32m    LOG[39m [38;5;3m[RouterExplorer] [39m[32mMapped {/auth/verify-otp, POST} (version: 1) route[39m[38;5;3m +1ms[39m
[32m[Nest] 33444  - [39m16:54:38 31/03/2026 [32m    LOG[39m [38;5;3m[RouterExplorer] [39m[32mMapped {/auth/login, POST} (version: 1) route[39m[38;5;3m +0ms[39m
[32m[Nest] 33444  - [39m16:54:38 31/03/2026 [32m    LOG[39m [38;5;3m[RouterExplorer] [39m[32mMapped {/auth/forgot-password, POST} (version: 1) route[39m[38;5;3m +1ms[39m
[32m[Nest] 33444  - [39m16:54:38 31/03/2026 [32m    LOG[39m [38;5;3m[RouterExplorer] [39m[32mMapped {/auth/reset-password, POST} (version: 1) route[39m[38;5;3m +0ms[39m
[32m[Nest] 33444  - [39m16:54:38 31/03/2026 [32m    LOG[39m [38;5;3m[RouterExplorer] [39m[32mMapped {/auth/refresh, POST} (version: 1) route[39m[38;5;3m +1ms[39m
[32m[Nest] 33444  - [39m16:54:38 31/03/2026 [32m    LOG[39m [38;5;3m[RoutesResolver] [39m[32mVouchersController {/vouchers} (version: 1):[39m[38;5;3m +0ms[39m
[32m[Nest] 33444  - [39m16:54:38 31/03/2026 [32m    LOG[39m [38;5;3m[RouterExplorer] [39m[32mMapped {/vouchers, GET} (version: 1) route[39m[38;5;3m +1ms[39m
[32m[Nest] 33444  - [39m16:54:38 31/03/2026 [32m    LOG[39m [38;5;3m[RouterExplorer] [39m[32mMapped {/vouchers/code/:code, GET} (version: 1) route[39m[38;5;3m +1ms[39m
[32m[Nest] 33444  - [39m16:54:38 31/03/2026 [32m    LOG[39m [38;5;3m[RouterExplorer] [39m[32mMapped {/vouchers/:id, GET} (version: 1) route[39m[38;5;3m +0ms[39m
[32m[Nest] 33444  - [39m16:54:38 31/03/2026 [32m    LOG[39m [38;5;3m[RouterExplorer] [39m[32mMapped {/vouchers, POST} (version: 1) route[39m[38;5;3m +1ms[39m
[32m[Nest] 33444  - [39m16:54:38 31/03/2026 [32m    LOG[39m [38;5;3m[RouterExplorer] [39m[32mMapped {/vouchers/:id, PATCH} (version: 1) route[39m[38;5;3m +0ms[39m
[32m[Nest] 33444  - [39m16:54:38 31/03/2026 [32m    LOG[39m [38;5;3m[RouterExplorer] [39m[32mMapped {/vouchers/:id, DELETE} (version: 1) route[39m[38;5;3m +1ms[39m
[32m[Nest] 33444  - [39m16:54:38 31/03/2026 [32m    LOG[39m [38;5;3m[RoutesResolver] [39m[32mFlashSalesController {/flash-sales} (version: 1):[39m[38;5;3m +0ms[39m
[32m[Nest] 33444  - [39m16:54:38 31/03/2026 [32m    LOG[39m [38;5;3m[RouterExplorer] [39m[32mMapped {/flash-sales, GET} (version: 1) route[39m[38;5;3m +0ms[39m
[32m[Nest] 33444  - [39m16:54:38 31/03/2026 [32m    LOG[39m [38;5;3m[RouterExplorer] [39m[32mMapped {/flash-sales/active, GET} (version: 1) route[39m[38;5;3m +1ms[39m
[32m[Nest] 33444  - [39m16:54:38 31/03/2026 [32m    LOG[39m [38;5;3m[RouterExplorer] [39m[32mMapped {/flash-sales/:id, GET} (version: 1) route[39m[38;5;3m +0ms[39m
[32m[Nest] 33444  - [39m16:54:38 31/03/2026 [32m    LOG[39m [38;5;3m[RouterExplorer] [39m[32mMapped {/flash-sales, POST} (version: 1) route[39m[38;5;3m +1ms[39m
[32m[Nest] 33444  - [39m16:54:38 31/03/2026 [32m    LOG[39m [38;5;3m[RouterExplorer] [39m[32mMapped {/flash-sales/:id, PATCH} (version: 1) route[39m[38;5;3m +0ms[39m
[32m[Nest] 33444  - [39m16:54:38 31/03/2026 [32m    LOG[39m [38;5;3m[RouterExplorer] [39m[32mMapped {/flash-sales/:id, DELETE} (version: 1) route[39m[38;5;3m +1ms[39m
[32m[Nest] 33444  - [39m16:54:38 31/03/2026 [32m    LOG[39m [38;5;3m[NestApplication] [39m[32mNest application successfully started[39m[38;5;3m +29ms[39m
